{"D:\\simulator\\packages\\backend\\src\\app.ts": {"path":"D:\\simulator\\packages\\backend\\src\\app.ts","statementMap":{"0":{"start":{"line":9,"column":13},"end":{"line":35,"column":null}},"1":{"start":{"line":10,"column":8},"end":{"line":10,"column":null}},"2":{"start":{"line":13,"column":2},"end":{"line":13,"column":null}},"3":{"start":{"line":14,"column":2},"end":{"line":17,"column":null}},"4":{"start":{"line":18,"column":2},"end":{"line":18,"column":null}},"5":{"start":{"line":21,"column":2},"end":{"line":21,"column":null}},"6":{"start":{"line":26,"column":2},"end":{"line":28,"column":null}},"7":{"start":{"line":27,"column":4},"end":{"line":27,"column":null}},"8":{"start":{"line":30,"column":2},"end":{"line":30,"column":null}},"9":{"start":{"line":31,"column":2},"end":{"line":31,"column":null}},"10":{"start":{"line":32,"column":2},"end":{"line":32,"column":null}},"11":{"start":{"line":34,"column":2},"end":{"line":34,"column":null}}},"fnMap":{"0":{"name":"(anonymous_0)","decl":{"start":{"line":9,"column":13},"end":{"line":9,"column":44}},"loc":{"start":{"line":9,"column":44},"end":{"line":35,"column":null}},"line":9},"1":{"name":"(anonymous_1)","decl":{"start":{"line":26,"column":10},"end":{"line":26,"column":22}},"loc":{"start":{"line":26,"column":54},"end":{"line":28,"column":3}},"line":26}},"branchMap":{},"s":{"0":2,"1":2,"2":2,"3":2,"4":2,"5":2,"6":2,"7":1,"8":2,"9":2,"10":2,"11":2},"f":{"0":2,"1":1},"b":{},"meta":{"lastBranch":0,"lastFunction":2,"lastStatement":12,"seen":{"s:9:13:35:Infinity":0,"f:9:13:9:44":0,"s:10:8:10:Infinity":1,"s:13:2:13:Infinity":2,"s:14:2:17:Infinity":3,"s:18:2:18:Infinity":4,"s:21:2:21:Infinity":5,"s:26:2:28:Infinity":6,"f:26:10:26:22":1,"s:27:4:27:Infinity":7,"s:30:2:30:Infinity":8,"s:31:2:31:Infinity":9,"s:32:2:32:Infinity":10,"s:34:2:34:Infinity":11}}}
,"D:\\simulator\\packages\\backend\\src\\config\\db.ts": {"path":"D:\\simulator\\packages\\backend\\src\\config\\db.ts","statementMap":{"0":{"start":{"line":5,"column":13},"end":{"line":8,"column":null}},"1":{"start":{"line":10,"column":13},"end":{"line":10,"column":null}}},"fnMap":{},"branchMap":{"0":{"loc":{"start":{"line":6,"column":20},"end":{"line":6,"column":null}},"type":"binary-expr","locations":[{"start":{"line":6,"column":20},"end":{"line":6,"column":48}},{"start":{"line":6,"column":48},"end":{"line":6,"column":null}}],"line":6}},"s":{"0":1,"1":1},"f":{},"b":{"0":[1,1]},"meta":{"lastBranch":1,"lastFunction":0,"lastStatement":2,"seen":{"s:5:13:8:Infinity":0,"b:6:20:6:48:6:48:6:Infinity":0,"s:10:13:10:Infinity":1}}}
,"D:\\simulator\\packages\\backend\\src\\controllers\\alarms.controller.ts": {"path":"D:\\simulator\\packages\\backend\\src\\controllers\\alarms.controller.ts","statementMap":{"0":{"start":{"line":7,"column":28},"end":{"line":33,"column":null}},"1":{"start":{"line":8,"column":2},"end":{"line":32,"column":null}},"2":{"start":{"line":9,"column":24},"end":{"line":9,"column":null}},"3":{"start":{"line":10,"column":31},"end":{"line":10,"column":null}},"4":{"start":{"line":11,"column":19},"end":{"line":11,"column":null}},"5":{"start":{"line":14,"column":25},"end":{"line":22,"column":null}},"6":{"start":{"line":24,"column":4},"end":{"line":26,"column":null}},"7":{"start":{"line":25,"column":6},"end":{"line":25,"column":null}},"8":{"start":{"line":28,"column":4},"end":{"line":28,"column":null}},"9":{"start":{"line":30,"column":4},"end":{"line":30,"column":null}},"10":{"start":{"line":31,"column":4},"end":{"line":31,"column":null}}},"fnMap":{"0":{"name":"(anonymous_0)","decl":{"start":{"line":7,"column":28},"end":{"line":7,"column":35}},"loc":{"start":{"line":7,"column":71},"end":{"line":33,"column":null}},"line":7}},"branchMap":{"0":{"loc":{"start":{"line":17,"column":24},"end":{"line":17,"column":null}},"type":"binary-expr","locations":[{"start":{"line":17,"column":24},"end":{"line":17,"column":42}},{"start":{"line":17,"column":42},"end":{"line":17,"column":null}}],"line":17},"1":{"loc":{"start":{"line":24,"column":4},"end":{"line":26,"column":null}},"type":"if","locations":[{"start":{"line":24,"column":4},"end":{"line":26,"column":null}},{"start":{},"end":{}}],"line":24}},"s":{"0":1,"1":3,"2":3,"3":3,"4":3,"5":3,"6":2,"7":1,"8":1,"9":1,"10":1},"f":{"0":3},"b":{"0":[3,0],"1":[1,1]},"meta":{"lastBranch":2,"lastFunction":1,"lastStatement":11,"seen":{"s:7:28:33:Infinity":0,"f:7:28:7:35":0,"s:8:2:32:Infinity":1,"s:9:24:9:Infinity":2,"s:10:31:10:Infinity":3,"s:11:19:11:Infinity":4,"s:14:25:22:Infinity":5,"b:17:24:17:42:17:42:17:Infinity":0,"b:24:4:26:Infinity:undefined:undefined:undefined:undefined":1,"s:24:4:26:Infinity":6,"s:25:6:25:Infinity":7,"s:28:4:28:Infinity":8,"s:30:4:30:Infinity":9,"s:31:4:31:Infinity":10}}}
,"D:\\simulator\\packages\\backend\\src\\controllers\\auth.controller.ts": {"path":"D:\\simulator\\packages\\backend\\src\\controllers\\auth.controller.ts","statementMap":{"0":{"start":{"line":9,"column":19},"end":{"line":9,"column":null}},"1":{"start":{"line":11,"column":21},"end":{"line":40,"column":null}},"2":{"start":{"line":12,"column":2},"end":{"line":39,"column":null}},"3":{"start":{"line":13,"column":32},"end":{"line":13,"column":null}},"4":{"start":{"line":15,"column":17},"end":{"line":17,"column":null}},"5":{"start":{"line":19,"column":4},"end":{"line":21,"column":null}},"6":{"start":{"line":20,"column":6},"end":{"line":20,"column":null}},"7":{"start":{"line":23,"column":20},"end":{"line":23,"column":null}},"8":{"start":{"line":24,"column":4},"end":{"line":26,"column":null}},"9":{"start":{"line":25,"column":6},"end":{"line":25,"column":null}},"10":{"start":{"line":29,"column":18},"end":{"line":33,"column":null}},"11":{"start":{"line":35,"column":4},"end":{"line":35,"column":null}},"12":{"start":{"line":37,"column":4},"end":{"line":37,"column":null}},"13":{"start":{"line":38,"column":4},"end":{"line":38,"column":null}}},"fnMap":{"0":{"name":"(anonymous_0)","decl":{"start":{"line":11,"column":21},"end":{"line":11,"column":28}},"loc":{"start":{"line":11,"column":60},"end":{"line":40,"column":null}},"line":11}},"branchMap":{"0":{"loc":{"start":{"line":9,"column":19},"end":{"line":9,"column":null}},"type":"binary-expr","locations":[{"start":{"line":9,"column":19},"end":{"line":9,"column":45}},{"start":{"line":9,"column":45},"end":{"line":9,"column":null}}],"line":9},"1":{"loc":{"start":{"line":19,"column":4},"end":{"line":21,"column":null}},"type":"if","locations":[{"start":{"line":19,"column":4},"end":{"line":21,"column":null}},{"start":{},"end":{}}],"line":19},"2":{"loc":{"start":{"line":24,"column":4},"end":{"line":26,"column":null}},"type":"if","locations":[{"start":{"line":24,"column":4},"end":{"line":26,"column":null}},{"start":{},"end":{}}],"line":24}},"s":{"0":3,"1":3,"2":4,"3":4,"4":4,"5":3,"6":1,"7":2,"8":2,"9":1,"10":1,"11":1,"12":1,"13":1},"f":{"0":4},"b":{"0":[3,3],"1":[1,2],"2":[1,1]},"meta":{"lastBranch":3,"lastFunction":1,"lastStatement":14,"seen":{"s:9:19:9:Infinity":0,"b:9:19:9:45:9:45:9:Infinity":0,"s:11:21:40:Infinity":1,"f:11:21:11:28":0,"s:12:2:39:Infinity":2,"s:13:32:13:Infinity":3,"s:15:17:17:Infinity":4,"b:19:4:21:Infinity:undefined:undefined:undefined:undefined":1,"s:19:4:21:Infinity":5,"s:20:6:20:Infinity":6,"s:23:20:23:Infinity":7,"b:24:4:26:Infinity:undefined:undefined:undefined:undefined":2,"s:24:4:26:Infinity":8,"s:25:6:25:Infinity":9,"s:29:18:33:Infinity":10,"s:35:4:35:Infinity":11,"s:37:4:37:Infinity":12,"s:38:4:38:Infinity":13}}}
,"D:\\simulator\\packages\\backend\\src\\controllers\\dashboard.controller.ts": {"path":"D:\\simulator\\packages\\backend\\src\\controllers\\dashboard.controller.ts","statementMap":{"0":{"start":{"line":7,"column":27},"end":{"line":14,"column":null}},"1":{"start":{"line":8,"column":2},"end":{"line":13,"column":null}},"2":{"start":{"line":9,"column":24},"end":{"line":9,"column":null}},"3":{"start":{"line":10,"column":4},"end":{"line":10,"column":null}},"4":{"start":{"line":12,"column":4},"end":{"line":12,"column":null}},"5":{"start":{"line":17,"column":25},"end":{"line":30,"column":null}},"6":{"start":{"line":18,"column":2},"end":{"line":29,"column":null}},"7":{"start":{"line":19,"column":25},"end":{"line":25,"column":null}},"8":{"start":{"line":26,"column":4},"end":{"line":26,"column":null}},"9":{"start":{"line":28,"column":4},"end":{"line":28,"column":null}}},"fnMap":{"0":{"name":"(anonymous_0)","decl":{"start":{"line":7,"column":27},"end":{"line":7,"column":34}},"loc":{"start":{"line":7,"column":66},"end":{"line":14,"column":null}},"line":7},"1":{"name":"(anonymous_1)","decl":{"start":{"line":17,"column":25},"end":{"line":17,"column":32}},"loc":{"start":{"line":17,"column":64},"end":{"line":30,"column":null}},"line":17}},"branchMap":{},"s":{"0":3,"1":2,"2":2,"3":1,"4":1,"5":3,"6":2,"7":2,"8":1,"9":1},"f":{"0":2,"1":2},"b":{},"meta":{"lastBranch":0,"lastFunction":2,"lastStatement":10,"seen":{"s:7:27:14:Infinity":0,"f:7:27:7:34":0,"s:8:2:13:Infinity":1,"s:9:24:9:Infinity":2,"s:10:4:10:Infinity":3,"s:12:4:12:Infinity":4,"s:17:25:30:Infinity":5,"f:17:25:17:32":1,"s:18:2:29:Infinity":6,"s:19:25:25:Infinity":7,"s:26:4:26:Infinity":8,"s:28:4:28:Infinity":9}}}
,"D:\\simulator\\packages\\backend\\src\\controllers\\metrics.controller.ts": {"path":"D:\\simulator\\packages\\backend\\src\\controllers\\metrics.controller.ts","statementMap":{"0":{"start":{"line":6,"column":28},"end":{"line":39,"column":null}},"1":{"start":{"line":7,"column":2},"end":{"line":38,"column":null}},"2":{"start":{"line":9,"column":22},"end":{"line":9,"column":null}},"3":{"start":{"line":12,"column":21},"end":{"line":12,"column":null}},"4":{"start":{"line":13,"column":24},"end":{"line":13,"column":null}},"5":{"start":{"line":14,"column":23},"end":{"line":14,"column":null}},"6":{"start":{"line":15,"column":20},"end":{"line":15,"column":null}},"7":{"start":{"line":16,"column":17},"end":{"line":16,"column":null}},"8":{"start":{"line":17,"column":27},"end":{"line":17,"column":null}},"9":{"start":{"line":21,"column":22},"end":{"line":29,"column":null}},"10":{"start":{"line":32,"column":4},"end":{"line":32,"column":null}},"11":{"start":{"line":34,"column":4},"end":{"line":34,"column":null}},"12":{"start":{"line":36,"column":4},"end":{"line":36,"column":null}},"13":{"start":{"line":37,"column":4},"end":{"line":37,"column":null}}},"fnMap":{"0":{"name":"(anonymous_0)","decl":{"start":{"line":6,"column":28},"end":{"line":6,"column":35}},"loc":{"start":{"line":6,"column":67},"end":{"line":39,"column":null}},"line":6}},"branchMap":{},"s":{"0":2,"1":0,"2":0,"3":0,"4":0,"5":0,"6":0,"7":0,"8":0,"9":0,"10":0,"11":0,"12":0,"13":0},"f":{"0":0},"b":{},"meta":{"lastBranch":0,"lastFunction":1,"lastStatement":14,"seen":{"s:6:28:39:Infinity":0,"f:6:28:6:35":0,"s:7:2:38:Infinity":1,"s:9:22:9:Infinity":2,"s:12:21:12:Infinity":3,"s:13:24:13:Infinity":4,"s:14:23:14:Infinity":5,"s:15:20:15:Infinity":6,"s:16:17:16:Infinity":7,"s:17:27:17:Infinity":8,"s:21:22:29:Infinity":9,"s:32:4:32:Infinity":10,"s:34:4:34:Infinity":11,"s:36:4:36:Infinity":12,"s:37:4:37:Infinity":13}}}
,"D:\\simulator\\packages\\backend\\src\\controllers\\simulator.controller.ts": {"path":"D:\\simulator\\packages\\backend\\src\\controllers\\simulator.controller.ts","statementMap":{"0":{"start":{"line":4,"column":22},"end":{"line":4,"column":null}},"1":{"start":{"line":6,"column":32},"end":{"line":23,"column":null}},"2":{"start":{"line":7,"column":2},"end":{"line":22,"column":null}},"3":{"start":{"line":9,"column":23},"end":{"line":9,"column":null}},"4":{"start":{"line":11,"column":21},"end":{"line":14,"column":null}},"5":{"start":{"line":16,"column":4},"end":{"line":16,"column":null}},"6":{"start":{"line":16,"column":22},"end":{"line":16,"column":null}},"7":{"start":{"line":18,"column":4},"end":{"line":18,"column":null}},"8":{"start":{"line":20,"column":4},"end":{"line":20,"column":null}},"9":{"start":{"line":21,"column":4},"end":{"line":21,"column":null}},"10":{"start":{"line":25,"column":29},"end":{"line":42,"column":null}},"11":{"start":{"line":26,"column":2},"end":{"line":41,"column":null}},"12":{"start":{"line":28,"column":21},"end":{"line":32,"column":null}},"13":{"start":{"line":34,"column":4},"end":{"line":34,"column":null}},"14":{"start":{"line":34,"column":22},"end":{"line":34,"column":null}},"15":{"start":{"line":36,"column":17},"end":{"line":36,"column":null}},"16":{"start":{"line":37,"column":4},"end":{"line":37,"column":null}},"17":{"start":{"line":39,"column":4},"end":{"line":39,"column":null}},"18":{"start":{"line":40,"column":4},"end":{"line":40,"column":null}}},"fnMap":{"0":{"name":"(anonymous_0)","decl":{"start":{"line":6,"column":32},"end":{"line":6,"column":39}},"loc":{"start":{"line":6,"column":71},"end":{"line":23,"column":null}},"line":6},"1":{"name":"(anonymous_1)","decl":{"start":{"line":25,"column":29},"end":{"line":25,"column":36}},"loc":{"start":{"line":25,"column":68},"end":{"line":42,"column":null}},"line":25}},"branchMap":{"0":{"loc":{"start":{"line":4,"column":22},"end":{"line":4,"column":null}},"type":"binary-expr","locations":[{"start":{"line":4,"column":22},"end":{"line":4,"column":51}},{"start":{"line":4,"column":51},"end":{"line":4,"column":null}}],"line":4},"1":{"loc":{"start":{"line":16,"column":4},"end":{"line":16,"column":null}},"type":"if","locations":[{"start":{"line":16,"column":4},"end":{"line":16,"column":null}},{"start":{},"end":{}}],"line":16},"2":{"loc":{"start":{"line":34,"column":4},"end":{"line":34,"column":null}},"type":"if","locations":[{"start":{"line":34,"column":4},"end":{"line":34,"column":null}},{"start":{},"end":{}}],"line":34}},"s":{"0":3,"1":3,"2":3,"3":3,"4":3,"5":2,"6":2,"7":1,"8":2,"9":2,"10":3,"11":3,"12":3,"13":2,"14":2,"15":1,"16":1,"17":2,"18":2},"f":{"0":3,"1":3},"b":{"0":[3,3],"1":[1,1],"2":[1,1]},"meta":{"lastBranch":3,"lastFunction":2,"lastStatement":19,"seen":{"s:4:22:4:Infinity":0,"b:4:22:4:51:4:51:4:Infinity":0,"s:6:32:23:Infinity":1,"f:6:32:6:39":0,"s:7:2:22:Infinity":2,"s:9:23:9:Infinity":3,"s:11:21:14:Infinity":4,"b:16:4:16:Infinity:undefined:undefined:undefined:undefined":1,"s:16:4:16:Infinity":5,"s:16:22:16:Infinity":6,"s:18:4:18:Infinity":7,"s:20:4:20:Infinity":8,"s:21:4:21:Infinity":9,"s:25:29:42:Infinity":10,"f:25:29:25:36":1,"s:26:2:41:Infinity":11,"s:28:21:32:Infinity":12,"b:34:4:34:Infinity:undefined:undefined:undefined:undefined":2,"s:34:4:34:Infinity":13,"s:34:22:34:Infinity":14,"s:36:17:36:Infinity":15,"s:37:4:37:Infinity":16,"s:39:4:39:Infinity":17,"s:40:4:40:Infinity":18}}}
,"D:\\simulator\\packages\\backend\\src\\db\\schema.ts": {"path":"D:\\simulator\\packages\\backend\\src\\db\\schema.ts","statementMap":{"0":{"start":{"line":8,"column":13},"end":{"line":8,"column":null}},"1":{"start":{"line":9,"column":13},"end":{"line":9,"column":null}},"2":{"start":{"line":10,"column":13},"end":{"line":10,"column":null}},"3":{"start":{"line":11,"column":13},"end":{"line":11,"column":null}},"4":{"start":{"line":14,"column":13},"end":{"line":24,"column":null}},"5":{"start":{"line":27,"column":13},"end":{"line":42,"column":null}},"6":{"start":{"line":29,"column":49},"end":{"line":29,"column":60}},"7":{"start":{"line":38,"column":2},"end":{"line":41,"column":null}},"8":{"start":{"line":45,"column":13},"end":{"line":50,"column":null}},"9":{"start":{"line":53,"column":13},"end":{"line":64,"column":null}},"10":{"start":{"line":55,"column":49},"end":{"line":55,"column":60}},"11":{"start":{"line":60,"column":51},"end":{"line":60,"column":59}},"12":{"start":{"line":67,"column":13},"end":{"line":74,"column":null}},"13":{"start":{"line":77,"column":13},"end":{"line":82,"column":null}},"14":{"start":{"line":77,"column":63},"end":{"line":82,"column":2}}},"fnMap":{"0":{"name":"(anonymous_0)","decl":{"start":{"line":29,"column":32},"end":{"line":29,"column":49}},"loc":{"start":{"line":29,"column":49},"end":{"line":29,"column":60}},"line":29},"1":{"name":"(anonymous_1)","decl":{"start":{"line":37,"column":0},"end":{"line":37,"column":4}},"loc":{"start":{"line":37,"column":14},"end":{"line":42,"column":1}},"line":37},"2":{"name":"(anonymous_2)","decl":{"start":{"line":55,"column":32},"end":{"line":55,"column":49}},"loc":{"start":{"line":55,"column":49},"end":{"line":55,"column":60}},"line":55},"3":{"name":"(anonymous_3)","decl":{"start":{"line":60,"column":34},"end":{"line":60,"column":51}},"loc":{"start":{"line":60,"column":51},"end":{"line":60,"column":59}},"line":60},"4":{"name":"(anonymous_4)","decl":{"start":{"line":77,"column":41},"end":{"line":77,"column":50}},"loc":{"start":{"line":77,"column":63},"end":{"line":82,"column":2}},"line":77}},"branchMap":{},"s":{"0":6,"1":6,"2":6,"3":6,"4":6,"5":6,"6":0,"7":1,"8":6,"9":6,"10":0,"11":0,"12":6,"13":6,"14":1},"f":{"0":0,"1":1,"2":0,"3":0,"4":1},"b":{},"meta":{"lastBranch":0,"lastFunction":5,"lastStatement":15,"seen":{"s:8:13:8:Infinity":0,"s:9:13:9:Infinity":1,"s:10:13:10:Infinity":2,"s:11:13:11:Infinity":3,"s:14:13:24:Infinity":4,"s:27:13:42:Infinity":5,"f:29:32:29:49":0,"s:29:49:29:60":6,"f:37:0:37:4":1,"s:38:2:41:Infinity":7,"s:45:13:50:Infinity":8,"s:53:13:64:Infinity":9,"f:55:32:55:49":2,"s:55:49:55:60":10,"f:60:34:60:51":3,"s:60:51:60:59":11,"s:67:13:74:Infinity":12,"s:77:13:82:Infinity":13,"f:77:41:77:50":4,"s:77:63:82:2":14}}}
,"D:\\simulator\\packages\\backend\\src\\routes\\auth.routes.ts": {"path":"D:\\simulator\\packages\\backend\\src\\routes\\auth.routes.ts","statementMap":{"0":{"start":{"line":4,"column":6},"end":{"line":4,"column":null}},"1":{"start":{"line":5,"column":0},"end":{"line":5,"column":null}}},"fnMap":{},"branchMap":{},"s":{"0":2,"1":2},"f":{},"b":{},"meta":{"lastBranch":0,"lastFunction":0,"lastStatement":2,"seen":{"s:4:6:4:Infinity":0,"s:5:0:5:Infinity":1}}}
,"D:\\simulator\\packages\\backend\\src\\routes\\dashboard.routes.ts": {"path":"D:\\simulator\\packages\\backend\\src\\routes\\dashboard.routes.ts","statementMap":{"0":{"start":{"line":4,"column":6},"end":{"line":4,"column":null}},"1":{"start":{"line":5,"column":0},"end":{"line":5,"column":null}},"2":{"start":{"line":6,"column":0},"end":{"line":6,"column":null}}},"fnMap":{},"branchMap":{},"s":{"0":2,"1":2,"2":2},"f":{},"b":{},"meta":{"lastBranch":0,"lastFunction":0,"lastStatement":3,"seen":{"s:4:6:4:Infinity":0,"s:5:0:5:Infinity":1,"s:6:0:6:Infinity":2}}}
,"D:\\simulator\\packages\\backend\\src\\routes\\simulator.routes.ts": {"path":"D:\\simulator\\packages\\backend\\src\\routes\\simulator.routes.ts","statementMap":{"0":{"start":{"line":4,"column":6},"end":{"line":4,"column":null}},"1":{"start":{"line":7,"column":0},"end":{"line":7,"column":null}},"2":{"start":{"line":10,"column":0},"end":{"line":10,"column":null}}},"fnMap":{},"branchMap":{},"s":{"0":2,"1":2,"2":2},"f":{},"b":{},"meta":{"lastBranch":0,"lastFunction":0,"lastStatement":3,"seen":{"s:4:6:4:Infinity":0,"s:7:0:7:Infinity":1,"s:10:0:10:Infinity":2}}}
,"D:\\simulator\\packages\\backend\\src\\routes\\stations.routes.ts": {"path":"D:\\simulator\\packages\\backend\\src\\routes\\stations.routes.ts","statementMap":{"0":{"start":{"line":4,"column":6},"end":{"line":4,"column":null}},"1":{"start":{"line":7,"column":0},"end":{"line":7,"column":null}}},"fnMap":{},"branchMap":{},"s":{"0":2,"1":2},"f":{},"b":{},"meta":{"lastBranch":0,"lastFunction":0,"lastStatement":2,"seen":{"s:4:6:4:Infinity":0,"s:7:0:7:Infinity":1}}}
,"D:\\simulator\\packages\\backend\\src\\services\\anomaly\\detector.ts": {"path":"D:\\simulator\\packages\\backend\\src\\services\\anomaly\\detector.ts","statementMap":{"0":{"start":{"line":5,"column":30},"end":{"line":72,"column":null}},"1":{"start":{"line":6,"column":2},"end":{"line":71,"column":null}},"2":{"start":{"line":8,"column":23},"end":{"line":8,"column":null}},"3":{"start":{"line":10,"column":4},"end":{"line":68,"column":null}},"4":{"start":{"line":11,"column":77},"end":{"line":11,"column":null}},"5":{"start":{"line":15,"column":6},"end":{"line":19,"column":null}},"6":{"start":{"line":16,"column":8},"end":{"line":16,"column":null}},"7":{"start":{"line":18,"column":8},"end":{"line":18,"column":null}},"8":{"start":{"line":21,"column":6},"end":{"line":21,"column":null}},"9":{"start":{"line":21,"column":61},"end":{"line":21,"column":null}},"10":{"start":{"line":23,"column":52},"end":{"line":23,"column":null}},"11":{"start":{"line":24,"column":22},"end":{"line":24,"column":null}},"12":{"start":{"line":26,"column":22},"end":{"line":26,"column":null}},"13":{"start":{"line":27,"column":22},"end":{"line":27,"column":null}},"14":{"start":{"line":30,"column":6},"end":{"line":36,"column":null}},"15":{"start":{"line":31,"column":8},"end":{"line":32,"column":null}},"16":{"start":{"line":31,"column":39},"end":{"line":31,"column":62}},"17":{"start":{"line":31,"column":62},"end":{"line":31,"column":80}},"18":{"start":{"line":32,"column":13},"end":{"line":32,"column":null}},"19":{"start":{"line":32,"column":44},"end":{"line":32,"column":66}},"20":{"start":{"line":32,"column":66},"end":{"line":32,"column":84}},"21":{"start":{"line":33,"column":13},"end":{"line":36,"column":null}},"22":{"start":{"line":34,"column":8},"end":{"line":35,"column":null}},"23":{"start":{"line":34,"column":39},"end":{"line":34,"column":62}},"24":{"start":{"line":34,"column":62},"end":{"line":34,"column":80}},"25":{"start":{"line":35,"column":13},"end":{"line":35,"column":null}},"26":{"start":{"line":35,"column":44},"end":{"line":35,"column":66}},"27":{"start":{"line":35,"column":66},"end":{"line":35,"column":84}},"28":{"start":{"line":39,"column":6},"end":{"line":67,"column":null}},"29":{"start":{"line":40,"column":33},"end":{"line":40,"column":null}},"30":{"start":{"line":41,"column":28},"end":{"line":41,"column":null}},"31":{"start":{"line":44,"column":30},"end":{"line":51,"column":null}},"32":{"start":{"line":53,"column":8},"end":{"line":66,"column":null}},"33":{"start":{"line":54,"column":10},"end":{"line":59,"column":null}},"34":{"start":{"line":60,"column":10},"end":{"line":60,"column":null}},"35":{"start":{"line":61,"column":15},"end":{"line":66,"column":null}},"36":{"start":{"line":63,"column":10},"end":{"line":65,"column":null}},"37":{"start":{"line":70,"column":4},"end":{"line":70,"column":null}}},"fnMap":{"0":{"name":"(anonymous_0)","decl":{"start":{"line":5,"column":30},"end":{"line":5,"column":37}},"loc":{"start":{"line":5,"column":53},"end":{"line":72,"column":null}},"line":5}},"branchMap":{"0":{"loc":{"start":{"line":15,"column":6},"end":{"line":19,"column":null}},"type":"if","locations":[{"start":{"line":15,"column":6},"end":{"line":19,"column":null}},{"start":{"line":17,"column":13},"end":{"line":19,"column":null}}],"line":15},"1":{"loc":{"start":{"line":15,"column":10},"end":{"line":15,"column":87}},"type":"binary-expr","locations":[{"start":{"line":15,"column":10},"end":{"line":15,"column":50}},{"start":{"line":15,"column":50},"end":{"line":15,"column":87}}],"line":15},"2":{"loc":{"start":{"line":21,"column":6},"end":{"line":21,"column":null}},"type":"if","locations":[{"start":{"line":21,"column":6},"end":{"line":21,"column":null}},{"start":{},"end":{}}],"line":21},"3":{"loc":{"start":{"line":21,"column":10},"end":{"line":21,"column":61}},"type":"binary-expr","locations":[{"start":{"line":21,"column":10},"end":{"line":21,"column":40}},{"start":{"line":21,"column":40},"end":{"line":21,"column":61}}],"line":21},"4":{"loc":{"start":{"line":30,"column":6},"end":{"line":36,"column":null}},"type":"if","locations":[{"start":{"line":30,"column":6},"end":{"line":36,"column":null}},{"start":{"line":33,"column":13},"end":{"line":36,"column":null}}],"line":30},"5":{"loc":{"start":{"line":31,"column":8},"end":{"line":32,"column":null}},"type":"if","locations":[{"start":{"line":31,"column":8},"end":{"line":32,"column":null}},{"start":{"line":32,"column":13},"end":{"line":32,"column":null}}],"line":31},"6":{"loc":{"start":{"line":32,"column":13},"end":{"line":32,"column":null}},"type":"if","locations":[{"start":{"line":32,"column":13},"end":{"line":32,"column":null}},{"start":{},"end":{}}],"line":32},"7":{"loc":{"start":{"line":33,"column":13},"end":{"line":36,"column":null}},"type":"if","locations":[{"start":{"line":33,"column":13},"end":{"line":36,"column":null}},{"start":{},"end":{}}],"line":33},"8":{"loc":{"start":{"line":34,"column":8},"end":{"line":35,"column":null}},"type":"if","locations":[{"start":{"line":34,"column":8},"end":{"line":35,"column":null}},{"start":{"line":35,"column":13},"end":{"line":35,"column":null}}],"line":34},"9":{"loc":{"start":{"line":35,"column":13},"end":{"line":35,"column":null}},"type":"if","locations":[{"start":{"line":35,"column":13},"end":{"line":35,"column":null}},{"start":{},"end":{}}],"line":35},"10":{"loc":{"start":{"line":39,"column":6},"end":{"line":67,"column":null}},"type":"if","locations":[{"start":{"line":39,"column":6},"end":{"line":67,"column":null}},{"start":{},"end":{}}],"line":39},"11":{"loc":{"start":{"line":39,"column":10},"end":{"line":39,"column":33}},"type":"binary-expr","locations":[{"start":{"line":39,"column":10},"end":{"line":39,"column":23}},{"start":{"line":39,"column":23},"end":{"line":39,"column":33}}],"line":39},"12":{"loc":{"start":{"line":40,"column":33},"end":{"line":40,"column":null}},"type":"cond-expr","locations":[{"start":{"line":40,"column":75},"end":{"line":40,"column":94}},{"start":{"line":40,"column":94},"end":{"line":40,"column":null}}],"line":40},"13":{"loc":{"start":{"line":53,"column":8},"end":{"line":66,"column":null}},"type":"if","locations":[{"start":{"line":53,"column":8},"end":{"line":66,"column":null}},{"start":{"line":61,"column":15},"end":{"line":66,"column":null}}],"line":53},"14":{"loc":{"start":{"line":58,"column":88},"end":{"line":58,"column":132}},"type":"cond-expr","locations":[{"start":{"line":58,"column":114},"end":{"line":58,"column":124}},{"start":{"line":58,"column":124},"end":{"line":58,"column":132}}],"line":58},"15":{"loc":{"start":{"line":61,"column":15},"end":{"line":66,"column":null}},"type":"if","locations":[{"start":{"line":61,"column":15},"end":{"line":66,"column":null}},{"start":{},"end":{}}],"line":61},"16":{"loc":{"start":{"line":61,"column":19},"end":{"line":61,"column":84}},"type":"binary-expr","locations":[{"start":{"line":61,"column":19},"end":{"line":61,"column":59}},{"start":{"line":61,"column":59},"end":{"line":61,"column":84}}],"line":61}},"s":{"0":3,"1":6,"2":6,"3":5,"4":4,"5":4,"6":2,"7":2,"8":4,"9":0,"10":4,"11":4,"12":4,"13":4,"14":4,"15":3,"16":2,"17":2,"18":1,"19":1,"20":1,"21":1,"22":1,"23":0,"24":0,"25":1,"26":1,"27":1,"28":4,"29":4,"30":4,"31":4,"32":4,"33":3,"34":3,"35":1,"36":1,"37":1},"f":{"0":6},"b":{"0":[2,2],"1":[4,3],"2":[0,4],"3":[4,4],"4":[3,1],"5":[2,1],"6":[1,0],"7":[1,0],"8":[0,1],"9":[1,0],"10":[4,0],"11":[4,4],"12":[2,2],"13":[3,1],"14":[1,2],"15":[1,0],"16":[1,1]},"meta":{"lastBranch":17,"lastFunction":1,"lastStatement":38,"seen":{"s:5:30:72:Infinity":0,"f:5:30:5:37":0,"s:6:2:71:Infinity":1,"s:8:23:8:Infinity":2,"s:10:4:68:Infinity":3,"s:11:77:11:Infinity":4,"b:15:6:19:Infinity:17:13:19:Infinity":0,"s:15:6:19:Infinity":5,"b:15:10:15:50:15:50:15:87":1,"s:16:8:16:Infinity":6,"s:18:8:18:Infinity":7,"b:21:6:21:Infinity:undefined:undefined:undefined:undefined":2,"s:21:6:21:Infinity":8,"b:21:10:21:40:21:40:21:61":3,"s:21:61:21:Infinity":9,"s:23:52:23:Infinity":10,"s:24:22:24:Infinity":11,"s:26:22:26:Infinity":12,"s:27:22:27:Infinity":13,"b:30:6:36:Infinity:33:13:36:Infinity":4,"s:30:6:36:Infinity":14,"b:31:8:32:Infinity:32:13:32:Infinity":5,"s:31:8:32:Infinity":15,"s:31:39:31:62":16,"s:31:62:31:80":17,"b:32:13:32:Infinity:undefined:undefined:undefined:undefined":6,"s:32:13:32:Infinity":18,"s:32:44:32:66":19,"s:32:66:32:84":20,"b:33:13:36:Infinity:undefined:undefined:undefined:undefined":7,"s:33:13:36:Infinity":21,"b:34:8:35:Infinity:35:13:35:Infinity":8,"s:34:8:35:Infinity":22,"s:34:39:34:62":23,"s:34:62:34:80":24,"b:35:13:35:Infinity:undefined:undefined:undefined:undefined":9,"s:35:13:35:Infinity":25,"s:35:44:35:66":26,"s:35:66:35:84":27,"b:39:6:67:Infinity:undefined:undefined:undefined:undefined":10,"s:39:6:67:Infinity":28,"b:39:10:39:23:39:23:39:33":11,"s:40:33:40:Infinity":29,"b:40:75:40:94:40:94:40:Infinity":12,"s:41:28:41:Infinity":30,"s:44:30:51:Infinity":31,"b:53:8:66:Infinity:61:15:66:Infinity":13,"s:53:8:66:Infinity":32,"s:54:10:59:Infinity":33,"b:58:114:58:124:58:124:58:132":14,"s:60:10:60:Infinity":34,"b:61:15:66:Infinity:undefined:undefined:undefined:undefined":15,"s:61:15:66:Infinity":35,"b:61:19:61:59:61:59:61:84":16,"s:63:10:65:Infinity":36,"s:70:4:70:Infinity":37}}}
,"D:\\simulator\\packages\\simulator\\src\\utils\\math.ts": {"path":"D:\\simulator\\packages\\simulator\\src\\utils\\math.ts","statementMap":{"0":{"start":{"line":5,"column":2},"end":{"line":5,"column":null}},"1":{"start":{"line":12,"column":2},"end":{"line":12,"column":null}},"2":{"start":{"line":23,"column":10},"end":{"line":23,"column":13}},"3":{"start":{"line":23,"column":17},"end":{"line":23,"column":null}},"4":{"start":{"line":24,"column":2},"end":{"line":24,"column":null}},"5":{"start":{"line":24,"column":17},"end":{"line":24,"column":null}},"6":{"start":{"line":25,"column":2},"end":{"line":25,"column":null}},"7":{"start":{"line":25,"column":17},"end":{"line":25,"column":null}},"8":{"start":{"line":27,"column":14},"end":{"line":27,"column":null}},"9":{"start":{"line":28,"column":2},"end":{"line":28,"column":null}},"10":{"start":{"line":35,"column":2},"end":{"line":35,"column":null}}},"fnMap":{"0":{"name":"randomInt","decl":{"start":{"line":4,"column":16},"end":{"line":4,"column":26}},"loc":{"start":{"line":4,"column":60},"end":{"line":6,"column":null}},"line":4},"1":{"name":"randomFloat","decl":{"start":{"line":11,"column":16},"end":{"line":11,"column":28}},"loc":{"start":{"line":11,"column":62},"end":{"line":13,"column":null}},"line":11},"2":{"name":"randomGaussian","decl":{"start":{"line":22,"column":16},"end":{"line":22,"column":31}},"loc":{"start":{"line":22,"column":69},"end":{"line":29,"column":null}},"line":22},"3":{"name":"clamp","decl":{"start":{"line":34,"column":16},"end":{"line":34,"column":22}},"loc":{"start":{"line":34,"column":71},"end":{"line":36,"column":null}},"line":34}},"branchMap":{},"s":{"0":1,"1":1,"2":1,"3":1,"4":1,"5":1,"6":1,"7":1,"8":1,"9":1,"10":0},"f":{"0":1,"1":1,"2":1,"3":0},"b":{},"meta":{"lastBranch":0,"lastFunction":4,"lastStatement":11,"seen":{"f:4:16:4:26":0,"s:5:2:5:Infinity":0,"f:11:16:11:28":1,"s:12:2:12:Infinity":1,"f:22:16:22:31":2,"s:23:10:23:13":2,"s:23:17:23:Infinity":3,"s:24:2:24:Infinity":4,"s:24:17:24:Infinity":5,"s:25:2:25:Infinity":6,"s:25:17:25:Infinity":7,"s:27:14:27:Infinity":8,"s:28:2:28:Infinity":9,"f:34:16:34:22":3,"s:35:2:35:Infinity":10}}}
}
